<?xml version="1.0" encoding="UTF-8"?>
<!-- Generated by org.testng.reporters.JUnitXMLReporter -->
<testsuite ignored="0" hostname="SHASHANK-PC" failures="0" tests="3" name="combine testing" time="34.489" errors="0" timestamp="2021-11-21T15:41:53 IST">
  <testcase classname="Testlayer.anotations" name="test" time="0.007"/>
  <testcase classname="Testlayer.anotations" name="test1" time="0.003"/>
  <testcase classname="Testlayer.demo" name="m1" time="34.431"/>
</testsuite> <!-- combine testing -->
